<?xml version="1.0" encoding="UTF-8"?>
<!-- Generated by org.testng.reporters.JUnitReportReporter -->
<testsuite hostname="Muhammads-MacBook-Air.local" failures="0" tests="1" name="com.shop.demoqa.test.TestWishListFeature" time="14.593" errors="0" timestamp="2022-08-20T00:23:38 WIB" skipped="0">
  <testcase classname="com.shop.demoqa.test.TestWishListFeature" name="addAndCheck" time="14.593"/>
  <system-out/>
</testsuite> <!-- com.shop.demoqa.test.TestWishListFeature -->
