<?xml version="1.0" encoding="UTF-8"?>
<!-- Generated by org.testng.reporters.JUnitReportReporter -->
<testsuite hostname="Muhammads-MacBook-Air.local" failures="0" tests="1" name="com.shop.demoqa.test.TestSearchFeature" time="4.810" errors="0" timestamp="2022-08-19T23:22:09 WIB" skipped="0">
  <testcase classname="com.shop.demoqa.test.TestSearchFeature" name="itemNotAvailabe" time="4.810"/>
  <system-out/>
</testsuite> <!-- com.shop.demoqa.test.TestSearchFeature -->
